Determining if the pthread_create exist failed with the following output:
Change Dir: /home/ardalan/catkin_ws/build/geotf/CMakeFiles/CMakeTmp

Run Build Command:"/usr/bin/make" "cmTC_dd506/fast"
/usr/bin/make -f CMakeFiles/cmTC_dd506.dir/build.make CMakeFiles/cmTC_dd506.dir/build
make[1]: Entering directory '/home/ardalan/catkin_ws/build/geotf/CMakeFiles/CMakeTmp'
Building C object CMakeFiles/cmTC_dd506.dir/CheckSymbolExists.c.o
/usr/bin/cc     -o CMakeFiles/cmTC_dd506.dir/CheckSymbolExists.c.o   -c /home/ardalan/catkin_ws/build/geotf/CMakeFiles/CMakeTmp/CheckSymbolExists.c
Linking C executable cmTC_dd506
/usr/bin/cmake -E cmake_link_script CMakeFiles/cmTC_dd506.dir/link.txt --verbose=1
/usr/bin/cc       CMakeFiles/cmTC_dd506.dir/CheckSymbolExists.c.o  -o cmTC_dd506 -rdynamic 
CMakeFiles/cmTC_dd506.dir/CheckSymbolExists.c.o: In function `main':
CheckSymbolExists.c:(.text+0x16): undefined reference to `pthread_create'
collect2: error: ld returned 1 exit status
CMakeFiles/cmTC_dd506.dir/build.make:97: recipe for target 'cmTC_dd506' failed
make[1]: *** [cmTC_dd506] Error 1
make[1]: Leaving directory '/home/ardalan/catkin_ws/build/geotf/CMakeFiles/CMakeTmp'
Makefile:126: recipe for target 'cmTC_dd506/fast' failed
make: *** [cmTC_dd506/fast] Error 2

File /home/ardalan/catkin_ws/build/geotf/CMakeFiles/CMakeTmp/CheckSymbolExists.c:
/* */
#include <pthread.h>

int main(int argc, char** argv)
{
  (void)argv;
#ifndef pthread_create
  return ((int*)(&pthread_create))[argc];
#else
  (void)argc;
  return 0;
#endif
}

Determining if the function pthread_create exists in the pthreads failed with the following output:
Change Dir: /home/ardalan/catkin_ws/build/geotf/CMakeFiles/CMakeTmp

Run Build Command:"/usr/bin/make" "cmTC_e2881/fast"
/usr/bin/make -f CMakeFiles/cmTC_e2881.dir/build.make CMakeFiles/cmTC_e2881.dir/build
make[1]: Entering directory '/home/ardalan/catkin_ws/build/geotf/CMakeFiles/CMakeTmp'
Building C object CMakeFiles/cmTC_e2881.dir/CheckFunctionExists.c.o
/usr/bin/cc    -DCHECK_FUNCTION_EXISTS=pthread_create   -o CMakeFiles/cmTC_e2881.dir/CheckFunctionExists.c.o   -c /usr/share/cmake-3.5/Modules/CheckFunctionExists.c
Linking C executable cmTC_e2881
/usr/bin/cmake -E cmake_link_script CMakeFiles/cmTC_e2881.dir/link.txt --verbose=1
/usr/bin/cc   -DCHECK_FUNCTION_EXISTS=pthread_create    CMakeFiles/cmTC_e2881.dir/CheckFunctionExists.c.o  -o cmTC_e2881 -rdynamic -lpthreads 
/usr/bin/ld: cannot find -lpthreads
collect2: error: ld returned 1 exit status
CMakeFiles/cmTC_e2881.dir/build.make:97: recipe for target 'cmTC_e2881' failed
make[1]: *** [cmTC_e2881] Error 1
make[1]: Leaving directory '/home/ardalan/catkin_ws/build/geotf/CMakeFiles/CMakeTmp'
Makefile:126: recipe for target 'cmTC_e2881/fast' failed
make: *** [cmTC_e2881/fast] Error 2


