Determining if the pthread_create exist failed with the following output:
Change Dir: /home/ardalan/catkin_ws/build/rotors_control/CMakeFiles/CMakeTmp

Run Build Command:"/usr/bin/make" "cmTC_4d09e/fast"
/usr/bin/make -f CMakeFiles/cmTC_4d09e.dir/build.make CMakeFiles/cmTC_4d09e.dir/build
make[1]: Entering directory '/home/ardalan/catkin_ws/build/rotors_control/CMakeFiles/CMakeTmp'
Building C object CMakeFiles/cmTC_4d09e.dir/CheckSymbolExists.c.o
/usr/bin/cc     -o CMakeFiles/cmTC_4d09e.dir/CheckSymbolExists.c.o   -c /home/ardalan/catkin_ws/build/rotors_control/CMakeFiles/CMakeTmp/CheckSymbolExists.c
Linking C executable cmTC_4d09e
/usr/bin/cmake -E cmake_link_script CMakeFiles/cmTC_4d09e.dir/link.txt --verbose=1
/usr/bin/cc       CMakeFiles/cmTC_4d09e.dir/CheckSymbolExists.c.o  -o cmTC_4d09e -rdynamic 
CMakeFiles/cmTC_4d09e.dir/CheckSymbolExists.c.o: In function `main':
CheckSymbolExists.c:(.text+0x16): undefined reference to `pthread_create'
collect2: error: ld returned 1 exit status
CMakeFiles/cmTC_4d09e.dir/build.make:97: recipe for target 'cmTC_4d09e' failed
make[1]: *** [cmTC_4d09e] Error 1
make[1]: Leaving directory '/home/ardalan/catkin_ws/build/rotors_control/CMakeFiles/CMakeTmp'
Makefile:126: recipe for target 'cmTC_4d09e/fast' failed
make: *** [cmTC_4d09e/fast] Error 2

File /home/ardalan/catkin_ws/build/rotors_control/CMakeFiles/CMakeTmp/CheckSymbolExists.c:
/* */
#include <pthread.h>

int main(int argc, char** argv)
{
  (void)argv;
#ifndef pthread_create
  return ((int*)(&pthread_create))[argc];
#else
  (void)argc;
  return 0;
#endif
}

Determining if the function pthread_create exists in the pthreads failed with the following output:
Change Dir: /home/ardalan/catkin_ws/build/rotors_control/CMakeFiles/CMakeTmp

Run Build Command:"/usr/bin/make" "cmTC_12b39/fast"
/usr/bin/make -f CMakeFiles/cmTC_12b39.dir/build.make CMakeFiles/cmTC_12b39.dir/build
make[1]: Entering directory '/home/ardalan/catkin_ws/build/rotors_control/CMakeFiles/CMakeTmp'
Building C object CMakeFiles/cmTC_12b39.dir/CheckFunctionExists.c.o
/usr/bin/cc    -DCHECK_FUNCTION_EXISTS=pthread_create   -o CMakeFiles/cmTC_12b39.dir/CheckFunctionExists.c.o   -c /usr/share/cmake-3.5/Modules/CheckFunctionExists.c
Linking C executable cmTC_12b39
/usr/bin/cmake -E cmake_link_script CMakeFiles/cmTC_12b39.dir/link.txt --verbose=1
/usr/bin/cc   -DCHECK_FUNCTION_EXISTS=pthread_create    CMakeFiles/cmTC_12b39.dir/CheckFunctionExists.c.o  -o cmTC_12b39 -rdynamic -lpthreads 
/usr/bin/ld: cannot find -lpthreads
collect2: error: ld returned 1 exit status
CMakeFiles/cmTC_12b39.dir/build.make:97: recipe for target 'cmTC_12b39' failed
make[1]: *** [cmTC_12b39] Error 1
make[1]: Leaving directory '/home/ardalan/catkin_ws/build/rotors_control/CMakeFiles/CMakeTmp'
Makefile:126: recipe for target 'cmTC_12b39/fast' failed
make: *** [cmTC_12b39/fast] Error 2


