Determining if the pthread_create exist failed with the following output:
Change Dir: /home/ardalan/catkin_ws/build/yaml_cpp_catkin/yaml_cpp_src-prefix/src/yaml_cpp_src-build/CMakeFiles/CMakeTmp

Run Build Command:"/usr/bin/make" "cmTC_11eda/fast"
make[3]: Entering directory '/home/ardalan/catkin_ws/build/yaml_cpp_catkin/yaml_cpp_src-prefix/src/yaml_cpp_src-build/CMakeFiles/CMakeTmp'
/usr/bin/make -f CMakeFiles/cmTC_11eda.dir/build.make CMakeFiles/cmTC_11eda.dir/build
make[4]: Entering directory '/home/ardalan/catkin_ws/build/yaml_cpp_catkin/yaml_cpp_src-prefix/src/yaml_cpp_src-build/CMakeFiles/CMakeTmp'
Building C object CMakeFiles/cmTC_11eda.dir/CheckSymbolExists.c.o
/usr/bin/cc     -o CMakeFiles/cmTC_11eda.dir/CheckSymbolExists.c.o   -c /home/ardalan/catkin_ws/build/yaml_cpp_catkin/yaml_cpp_src-prefix/src/yaml_cpp_src-build/CMakeFiles/CMakeTmp/CheckSymbolExists.c
Linking C executable cmTC_11eda
/usr/bin/cmake -E cmake_link_script CMakeFiles/cmTC_11eda.dir/link.txt --verbose=1
/usr/bin/cc       CMakeFiles/cmTC_11eda.dir/CheckSymbolExists.c.o  -o cmTC_11eda -rdynamic 
CMakeFiles/cmTC_11eda.dir/CheckSymbolExists.c.o: In function `main':
CheckSymbolExists.c:(.text+0x16): undefined reference to `pthread_create'
collect2: error: ld returned 1 exit status
CMakeFiles/cmTC_11eda.dir/build.make:97: recipe for target 'cmTC_11eda' failed
make[4]: *** [cmTC_11eda] Error 1
make[4]: Leaving directory '/home/ardalan/catkin_ws/build/yaml_cpp_catkin/yaml_cpp_src-prefix/src/yaml_cpp_src-build/CMakeFiles/CMakeTmp'
Makefile:126: recipe for target 'cmTC_11eda/fast' failed
make[3]: *** [cmTC_11eda/fast] Error 2
make[3]: Leaving directory '/home/ardalan/catkin_ws/build/yaml_cpp_catkin/yaml_cpp_src-prefix/src/yaml_cpp_src-build/CMakeFiles/CMakeTmp'

File /home/ardalan/catkin_ws/build/yaml_cpp_catkin/yaml_cpp_src-prefix/src/yaml_cpp_src-build/CMakeFiles/CMakeTmp/CheckSymbolExists.c:
/* */
#include <pthread.h>

int main(int argc, char** argv)
{
  (void)argv;
#ifndef pthread_create
  return ((int*)(&pthread_create))[argc];
#else
  (void)argc;
  return 0;
#endif
}

Determining if the function pthread_create exists in the pthreads failed with the following output:
Change Dir: /home/ardalan/catkin_ws/build/yaml_cpp_catkin/yaml_cpp_src-prefix/src/yaml_cpp_src-build/CMakeFiles/CMakeTmp

Run Build Command:"/usr/bin/make" "cmTC_4c357/fast"
make[3]: Entering directory '/home/ardalan/catkin_ws/build/yaml_cpp_catkin/yaml_cpp_src-prefix/src/yaml_cpp_src-build/CMakeFiles/CMakeTmp'
/usr/bin/make -f CMakeFiles/cmTC_4c357.dir/build.make CMakeFiles/cmTC_4c357.dir/build
make[4]: Entering directory '/home/ardalan/catkin_ws/build/yaml_cpp_catkin/yaml_cpp_src-prefix/src/yaml_cpp_src-build/CMakeFiles/CMakeTmp'
Building C object CMakeFiles/cmTC_4c357.dir/CheckFunctionExists.c.o
/usr/bin/cc    -DCHECK_FUNCTION_EXISTS=pthread_create   -o CMakeFiles/cmTC_4c357.dir/CheckFunctionExists.c.o   -c /usr/share/cmake-3.5/Modules/CheckFunctionExists.c
Linking C executable cmTC_4c357
/usr/bin/cmake -E cmake_link_script CMakeFiles/cmTC_4c357.dir/link.txt --verbose=1
/usr/bin/cc   -DCHECK_FUNCTION_EXISTS=pthread_create    CMakeFiles/cmTC_4c357.dir/CheckFunctionExists.c.o  -o cmTC_4c357 -rdynamic -lpthreads 
/usr/bin/ld: cannot find -lpthreads
collect2: error: ld returned 1 exit status
CMakeFiles/cmTC_4c357.dir/build.make:97: recipe for target 'cmTC_4c357' failed
make[4]: *** [cmTC_4c357] Error 1
make[4]: Leaving directory '/home/ardalan/catkin_ws/build/yaml_cpp_catkin/yaml_cpp_src-prefix/src/yaml_cpp_src-build/CMakeFiles/CMakeTmp'
Makefile:126: recipe for target 'cmTC_4c357/fast' failed
make[3]: *** [cmTC_4c357/fast] Error 2
make[3]: Leaving directory '/home/ardalan/catkin_ws/build/yaml_cpp_catkin/yaml_cpp_src-prefix/src/yaml_cpp_src-build/CMakeFiles/CMakeTmp'


