[35m[1mScanning dependencies of target mav_nonlinear_mpc_gencfg[0m
[  5%] [34m[1mGenerating dynamic reconfigure files from cfg/NonLinearMPC.cfg: /home/ardalan/catkin_ws/devel/include/mav_nonlinear_mpc/NonLinearMPCConfig.h /home/ardalan/catkin_ws/devel/lib/python2.7/dist-packages/mav_nonlinear_mpc/cfg/NonLinearMPCConfig.py[0m
[35m[1mScanning dependencies of target std_msgs_generate_messages_lisp[0m
[  5%] Built target std_msgs_generate_messages_lisp
[35m[1mScanning dependencies of target tf_generate_messages_lisp[0m
[  5%] Built target tf_generate_messages_lisp
[35m[1mScanning dependencies of target dynamic_reconfigure_gencfg[0m
[  5%] Built target dynamic_reconfigure_gencfg
[35m[1mScanning dependencies of target rosgraph_msgs_generate_messages_nodejs[0m
Generating reconfiguration files for NonLinearMPC in mav_nonlinear_mpc
[  5%] Built target rosgraph_msgs_generate_messages_nodejs
Wrote header file in /home/ardalan/catkin_ws/devel/include/mav_nonlinear_mpc/NonLinearMPCConfig.h
[35m[1mScanning dependencies of target tf_generate_messages_cpp[0m
[  5%] Built target tf_generate_messages_cpp
[35m[1mScanning dependencies of target std_srvs_generate_messages_eus[0m
[35m[1mScanning dependencies of target visualization_msgs_generate_messages_py[0m
[  5%] Built target std_srvs_generate_messages_eus
[  5%] Built target visualization_msgs_generate_messages_py
[35m[1mScanning dependencies of target roscpp_generate_messages_py[0m
[35m[1mScanning dependencies of target mav_msgs_generate_messages_eus[0m
[  5%] Built target roscpp_generate_messages_py
[  5%] Built target mav_nonlinear_mpc_gencfg
[  5%] Built target mav_msgs_generate_messages_eus
[35m[1mScanning dependencies of target roscpp_generate_messages_eus[0m
[  5%] Built target roscpp_generate_messages_eus
[35m[1mScanning dependencies of target trajectory_msgs_generate_messages_nodejs[0m
[35m[1mScanning dependencies of target dynamic_reconfigure_generate_messages_cpp[0m
[  5%] Built target trajectory_msgs_generate_messages_nodejs
[35m[1mScanning dependencies of target trajectory_msgs_generate_messages_cpp[0m
[  5%] Built target dynamic_reconfigure_generate_messages_cpp
[35m[1mScanning dependencies of target geometry_msgs_generate_messages_cpp[0m
[  5%] Built target trajectory_msgs_generate_messages_cpp
[35m[1mScanning dependencies of target dynamic_reconfigure_generate_messages_nodejs[0m
[  5%] Built target geometry_msgs_generate_messages_cpp
[35m[1mScanning dependencies of target dynamic_reconfigure_generate_messages_eus[0m
[  5%] Built target dynamic_reconfigure_generate_messages_nodejs
[  5%] Built target dynamic_reconfigure_generate_messages_eus
[35m[1mScanning dependencies of target visualization_msgs_generate_messages_eus[0m
[35m[1mScanning dependencies of target std_srvs_generate_messages_lisp[0m
[  5%] Built target visualization_msgs_generate_messages_eus
[35m[1mScanning dependencies of target mav_msgs_generate_messages_nodejs[0m
[  5%] Built target std_srvs_generate_messages_lisp
[35m[1mScanning dependencies of target tf_generate_messages_eus[0m
[  5%] Built target mav_msgs_generate_messages_nodejs
[  5%] Built target tf_generate_messages_eus
[35m[1mScanning dependencies of target trajectory_msgs_generate_messages_lisp[0m
[35m[1mScanning dependencies of target rosgraph_msgs_generate_messages_lisp[0m
[35m[1mScanning dependencies of target mav_msgs_generate_messages_cpp[0m
[  5%] Built target trajectory_msgs_generate_messages_lisp
[  5%] Built target rosgraph_msgs_generate_messages_lisp
[  5%] Built target mav_msgs_generate_messages_cpp
[35m[1mScanning dependencies of target mav_disturbance_observer_generate_messages_nodejs[0m
[35m[1mScanning dependencies of target std_srvs_generate_messages_nodejs[0m
[35m[1mScanning dependencies of target sensor_msgs_generate_messages_lisp[0m
[  5%] Built target mav_disturbance_observer_generate_messages_nodejs
[  5%] Built target std_srvs_generate_messages_nodejs
[  5%] Built target sensor_msgs_generate_messages_lisp
[35m[1mScanning dependencies of target trajectory_msgs_generate_messages_py[0m
[35m[1mScanning dependencies of target trajectory_msgs_generate_messages_eus[0m
[35m[1mScanning dependencies of target std_msgs_generate_messages_nodejs[0m
[  5%] Built target trajectory_msgs_generate_messages_eus
[  5%] Built target std_msgs_generate_messages_nodejs
[  5%] Built target trajectory_msgs_generate_messages_py
[35m[1mScanning dependencies of target geometry_msgs_generate_messages_py[0m
[35m[1mScanning dependencies of target mav_msgs_generate_messages_lisp[0m
[35m[1mScanning dependencies of target geometry_msgs_generate_messages_lisp[0m
[  5%] Built target mav_msgs_generate_messages_lisp
[  5%] Built target geometry_msgs_generate_messages_lisp
[  5%] Built target geometry_msgs_generate_messages_py
[35m[1mScanning dependencies of target actionlib_msgs_generate_messages_lisp[0m
[35m[1mScanning dependencies of target mav_msgs_generate_messages_py[0m
[35m[1mScanning dependencies of target rosgraph_msgs_generate_messages_eus[0m
[  5%] Built target actionlib_msgs_generate_messages_lisp
[  5%] Built target rosgraph_msgs_generate_messages_eus
[  5%] Built target mav_msgs_generate_messages_py
[35m[1mScanning dependencies of target std_msgs_generate_messages_py[0m
[  5%] Built target std_msgs_generate_messages_py
[35m[1mScanning dependencies of target nav_msgs_generate_messages_py[0m
[35m[1mScanning dependencies of target geometry_msgs_generate_messages_nodejs[0m
[35m[1mScanning dependencies of target roscpp_generate_messages_cpp[0m
[  5%] Built target nav_msgs_generate_messages_py
[  5%] Built target geometry_msgs_generate_messages_nodejs
[  5%] Built target roscpp_generate_messages_cpp
[35m[1mScanning dependencies of target geometry_msgs_generate_messages_eus[0m
[35m[1mScanning dependencies of target rosgraph_msgs_generate_messages_cpp[0m
[  5%] Built target geometry_msgs_generate_messages_eus
[  5%] Built target rosgraph_msgs_generate_messages_cpp
[35m[1mScanning dependencies of target sensor_msgs_generate_messages_eus[0m
[35m[1mScanning dependencies of target actionlib_generate_messages_nodejs[0m
[35m[1mScanning dependencies of target actionlib_msgs_generate_messages_cpp[0m
[  5%] Built target sensor_msgs_generate_messages_eus
[  5%] Built target actionlib_msgs_generate_messages_cpp
[  5%] Built target actionlib_generate_messages_nodejs
[35m[1mScanning dependencies of target dynamic_reconfigure_generate_messages_lisp[0m
[  5%] Built target dynamic_reconfigure_generate_messages_lisp
[35m[1mScanning dependencies of target roscpp_generate_messages_lisp[0m
[  5%] Built target roscpp_generate_messages_lisp
[35m[1mScanning dependencies of target tf_generate_messages_nodejs[0m
[  5%] Built target tf_generate_messages_nodejs
[35m[1mScanning dependencies of target std_srvs_generate_messages_py[0m
[  5%] Built target std_srvs_generate_messages_py
[35m[1mScanning dependencies of target tf_generate_messages_py[0m
[  5%] Built target tf_generate_messages_py
[35m[1mScanning dependencies of target sensor_msgs_generate_messages_cpp[0m
[35m[1mScanning dependencies of target sensor_msgs_generate_messages_nodejs[0m
[35m[1mScanning dependencies of target std_msgs_generate_messages_cpp[0m
[  5%] Built target sensor_msgs_generate_messages_cpp
[  5%] Built target std_msgs_generate_messages_cpp
[  5%] Built target sensor_msgs_generate_messages_nodejs
[35m[1mScanning dependencies of target roscpp_generate_messages_nodejs[0m
[35m[1mScanning dependencies of target mav_disturbance_observer_generate_messages_py[0m
[  5%] Built target roscpp_generate_messages_nodejs
[  5%] Built target mav_disturbance_observer_generate_messages_py
[35m[1mScanning dependencies of target sensor_msgs_generate_messages_py[0m
[35m[1mScanning dependencies of target rosgraph_msgs_generate_messages_py[0m
[  5%] Built target sensor_msgs_generate_messages_py
[  5%] Built target rosgraph_msgs_generate_messages_py
[35m[1mScanning dependencies of target actionlib_generate_messages_cpp[0m
[35m[1mScanning dependencies of target std_msgs_generate_messages_eus[0m
[  5%] Built target actionlib_generate_messages_cpp
[  5%] Built target std_msgs_generate_messages_eus
[35m[1mScanning dependencies of target actionlib_generate_messages_eus[0m
[  5%] Built target actionlib_generate_messages_eus
[35m[1mScanning dependencies of target actionlib_generate_messages_lisp[0m
[  5%] Built target actionlib_generate_messages_lisp
[35m[1mScanning dependencies of target actionlib_msgs_generate_messages_eus[0m
[  5%] Built target actionlib_msgs_generate_messages_eus
[35m[1mScanning dependencies of target dynamic_reconfigure_generate_messages_py[0m
[  5%] Built target dynamic_reconfigure_generate_messages_py
[35m[1mScanning dependencies of target actionlib_generate_messages_py[0m
[35m[1mScanning dependencies of target actionlib_msgs_generate_messages_nodejs[0m
[35m[1mScanning dependencies of target tf2_msgs_generate_messages_py[0m
[  5%] Built target actionlib_generate_messages_py
[  5%] Built target actionlib_msgs_generate_messages_nodejs
[  5%] Built target tf2_msgs_generate_messages_py
[35m[1mScanning dependencies of target actionlib_msgs_generate_messages_py[0m
[35m[1mScanning dependencies of target tf2_msgs_generate_messages_nodejs[0m
[35m[1mScanning dependencies of target tf2_msgs_generate_messages_cpp[0m
[  5%] Built target actionlib_msgs_generate_messages_py
[  5%] Built target tf2_msgs_generate_messages_cpp
[  5%] Built target tf2_msgs_generate_messages_nodejs
[35m[1mScanning dependencies of target tf2_msgs_generate_messages_lisp[0m
[35m[1mScanning dependencies of target nav_msgs_generate_messages_cpp[0m
[35m[1mScanning dependencies of target visualization_msgs_generate_messages_cpp[0m
[  5%] Built target tf2_msgs_generate_messages_lisp
[  5%] Built target nav_msgs_generate_messages_cpp
[  5%] Built target visualization_msgs_generate_messages_cpp
[35m[1mScanning dependencies of target tf2_msgs_generate_messages_eus[0m
[35m[1mScanning dependencies of target nav_msgs_generate_messages_lisp[0m
[35m[1mScanning dependencies of target nav_msgs_generate_messages_eus[0m
[  5%] Built target nav_msgs_generate_messages_lisp
[  5%] Built target tf2_msgs_generate_messages_eus
[  5%] Built target nav_msgs_generate_messages_eus
[35m[1mScanning dependencies of target std_srvs_generate_messages_cpp[0m
[35m[1mScanning dependencies of target nav_msgs_generate_messages_nodejs[0m
[  5%] Built target std_srvs_generate_messages_cpp
[35m[1mScanning dependencies of target visualization_msgs_generate_messages_lisp[0m
[  5%] Built target nav_msgs_generate_messages_nodejs
[35m[1mScanning dependencies of target mav_disturbance_observer_generate_messages_eus[0m
[  5%] Built target visualization_msgs_generate_messages_lisp
[  5%] Built target mav_disturbance_observer_generate_messages_eus
[35m[1mScanning dependencies of target visualization_msgs_generate_messages_nodejs[0m
[35m[1mScanning dependencies of target mav_disturbance_observer_generate_messages_lisp[0m
[35m[1mScanning dependencies of target mav_disturbance_observer_generate_messages_cpp[0m
[  5%] Built target visualization_msgs_generate_messages_nodejs
[  5%] Built target mav_disturbance_observer_generate_messages_lisp
[  5%] Built target mav_disturbance_observer_generate_messages_cpp
[35m[1mScanning dependencies of target mav_disturbance_observer_gencfg[0m
[  5%] Built target mav_disturbance_observer_gencfg
[35m[1mScanning dependencies of target mav_nonlinear_mpc_lib[0m
[ 10%] [32mBuilding CXX object CMakeFiles/mav_nonlinear_mpc_lib.dir/src/nonlinear_mpc.cc.o[0m
[ 15%] [32mBuilding CXX object CMakeFiles/mav_nonlinear_mpc_lib.dir/solver/qpoases/SRC/Bounds.cpp.o[0m
[ 21%] [32mBuilding CXX object CMakeFiles/mav_nonlinear_mpc_lib.dir/solver/qpoases/SRC/Constraints.cpp.o[0m
[ 26%] [32mBuilding CXX object CMakeFiles/mav_nonlinear_mpc_lib.dir/solver/qpoases/SRC/CyclingManager.cpp.o[0m
[ 31%] [32mBuilding CXX object CMakeFiles/mav_nonlinear_mpc_lib.dir/solver/qpoases/SRC/Indexlist.cpp.o[0m
[ 36%] [32mBuilding CXX object CMakeFiles/mav_nonlinear_mpc_lib.dir/solver/qpoases/SRC/MessageHandling.cpp.o[0m
[ 42%] [32mBuilding CXX object CMakeFiles/mav_nonlinear_mpc_lib.dir/solver/qpoases/SRC/QProblem.cpp.o[0m
In file included from [01m[K/home/ardalan/catkin_ws/src/mav_control_rw/mav_nonlinear_mpc/src/nonlinear_mpc.cc:33:0[m[K:
[01m[K/home/ardalan/catkin_ws/src/mav_control_rw/mav_nonlinear_mpc/include/mav_nonlinear_mpc/nonlinear_mpc.h:44:21:[m[K [01;31m[Kfatal error: [m[Klapacke.h: No such file or directory
compilation terminated.
CMakeFiles/mav_nonlinear_mpc_lib.dir/build.make:62: recipe for target 'CMakeFiles/mav_nonlinear_mpc_lib.dir/src/nonlinear_mpc.cc.o' failed
make[2]: *** [CMakeFiles/mav_nonlinear_mpc_lib.dir/src/nonlinear_mpc.cc.o] Error 1
make[2]: *** Waiting for unfinished jobs....
CMakeFiles/Makefile2:3003: recipe for target 'CMakeFiles/mav_nonlinear_mpc_lib.dir/all' failed
make[1]: *** [CMakeFiles/mav_nonlinear_mpc_lib.dir/all] Error 2
make: *** [all] Error 2
Makefile:138: recipe for target 'all' failed
