[  5%] Built target mav_nonlinear_mpc_gencfg
[  5%] Built target std_msgs_generate_messages_lisp
[  5%] Built target tf_generate_messages_lisp
[  5%] Built target dynamic_reconfigure_gencfg
[  5%] Built target rosgraph_msgs_generate_messages_nodejs
[  5%] Built target tf_generate_messages_cpp
[  5%] Built target std_srvs_generate_messages_eus
[  5%] Built target visualization_msgs_generate_messages_py
[  5%] Built target roscpp_generate_messages_py
[  5%] Built target mav_msgs_generate_messages_eus
[  5%] Built target dynamic_reconfigure_generate_messages_cpp
[  5%] Built target roscpp_generate_messages_eus
[  5%] Built target trajectory_msgs_generate_messages_nodejs
[  5%] Built target trajectory_msgs_generate_messages_cpp
[  5%] Built target geometry_msgs_generate_messages_cpp
[  5%] Built target dynamic_reconfigure_generate_messages_nodejs
[  5%] Built target dynamic_reconfigure_generate_messages_eus
[  5%] Built target visualization_msgs_generate_messages_eus
[  5%] Built target std_srvs_generate_messages_lisp
[  5%] Built target mav_msgs_generate_messages_nodejs
[  5%] Built target tf_generate_messages_eus
[  5%] Built target rosgraph_msgs_generate_messages_lisp
[  5%] Built target trajectory_msgs_generate_messages_lisp
[  5%] Built target mav_msgs_generate_messages_cpp
[  5%] Built target std_srvs_generate_messages_nodejs
[  5%] Built target mav_disturbance_observer_generate_messages_nodejs
[  5%] Built target sensor_msgs_generate_messages_lisp
[  5%] Built target trajectory_msgs_generate_messages_py
[  5%] Built target trajectory_msgs_generate_messages_eus
[  5%] Built target std_msgs_generate_messages_nodejs
[  5%] Built target geometry_msgs_generate_messages_lisp
[  5%] Built target geometry_msgs_generate_messages_py
[  5%] Built target mav_msgs_generate_messages_lisp
[  5%] Built target actionlib_msgs_generate_messages_lisp
[  5%] Built target mav_msgs_generate_messages_py
[  5%] Built target rosgraph_msgs_generate_messages_eus
[  5%] Built target std_msgs_generate_messages_py
[  5%] Built target nav_msgs_generate_messages_py
[  5%] Built target roscpp_generate_messages_cpp
[  5%] Built target geometry_msgs_generate_messages_nodejs
[  5%] Built target geometry_msgs_generate_messages_eus
[  5%] Built target rosgraph_msgs_generate_messages_cpp
[  5%] Built target sensor_msgs_generate_messages_eus
[  5%] Built target actionlib_generate_messages_nodejs
[  5%] Built target actionlib_msgs_generate_messages_cpp
[  5%] Built target dynamic_reconfigure_generate_messages_lisp
[  5%] Built target roscpp_generate_messages_lisp
[  5%] Built target tf_generate_messages_nodejs
[  5%] Built target std_srvs_generate_messages_py
[  5%] Built target tf_generate_messages_py
[  5%] Built target sensor_msgs_generate_messages_cpp
[  5%] Built target std_msgs_generate_messages_cpp
[  5%] Built target sensor_msgs_generate_messages_nodejs
[  5%] Built target roscpp_generate_messages_nodejs
[  5%] Built target sensor_msgs_generate_messages_py
[  5%] Built target mav_disturbance_observer_generate_messages_py
[  5%] Built target rosgraph_msgs_generate_messages_py
[  5%] Built target actionlib_generate_messages_cpp
[  5%] Built target std_msgs_generate_messages_eus
[  5%] Built target actionlib_generate_messages_eus
[  5%] Built target actionlib_generate_messages_lisp
[  5%] Built target actionlib_msgs_generate_messages_eus
[  5%] Built target dynamic_reconfigure_generate_messages_py
[  5%] Built target actionlib_generate_messages_py
[  5%] Built target actionlib_msgs_generate_messages_nodejs
[  5%] Built target tf2_msgs_generate_messages_py
[  5%] Built target actionlib_msgs_generate_messages_py
[  5%] Built target tf2_msgs_generate_messages_nodejs
[  5%] Built target tf2_msgs_generate_messages_cpp
[  5%] Built target tf2_msgs_generate_messages_lisp
[  5%] Built target nav_msgs_generate_messages_cpp
[  5%] Built target visualization_msgs_generate_messages_cpp
[  5%] Built target tf2_msgs_generate_messages_eus
[  5%] Built target nav_msgs_generate_messages_eus
[  5%] Built target nav_msgs_generate_messages_lisp
[  5%] Built target nav_msgs_generate_messages_nodejs
[  5%] Built target std_srvs_generate_messages_cpp
[  5%] Built target visualization_msgs_generate_messages_lisp
[  5%] Built target visualization_msgs_generate_messages_nodejs
[  5%] Built target mav_disturbance_observer_generate_messages_eus
[  5%] Built target mav_disturbance_observer_generate_messages_lisp
[  5%] Built target mav_disturbance_observer_generate_messages_cpp
[  5%] Built target mav_disturbance_observer_gencfg
[ 89%] Built target mav_nonlinear_mpc_lib
[100%] Built target nonlinear_mpc_node
