[  5%] Built target mav_nonlinear_mpc_gencfg
[  5%] Built target std_msgs_generate_messages_lisp
[  5%] Built target tf_generate_messages_lisp
[  5%] Built target dynamic_reconfigure_gencfg
[  5%] Built target rosgraph_msgs_generate_messages_nodejs
[  5%] Built target tf_generate_messages_cpp
[  5%] Built target std_srvs_generate_messages_eus
[  5%] Built target visualization_msgs_generate_messages_py
[  5%] Built target roscpp_generate_messages_py
[  5%] Built target mav_msgs_generate_messages_eus
[  5%] Built target dynamic_reconfigure_generate_messages_cpp
[  5%] Built target roscpp_generate_messages_eus
[  5%] Built target trajectory_msgs_generate_messages_nodejs
[  5%] Built target trajectory_msgs_generate_messages_cpp
[  5%] Built target geometry_msgs_generate_messages_cpp
[  5%] Built target dynamic_reconfigure_generate_messages_nodejs
[  5%] Built target dynamic_reconfigure_generate_messages_eus
[  5%] Built target visualization_msgs_generate_messages_eus
[  5%] Built target std_srvs_generate_messages_lisp
[  5%] Built target mav_msgs_generate_messages_nodejs
[  5%] Built target tf_generate_messages_eus
[  5%] Built target trajectory_msgs_generate_messages_lisp
[  5%] Built target rosgraph_msgs_generate_messages_lisp
[  5%] Built target mav_msgs_generate_messages_cpp
[  5%] Built target std_srvs_generate_messages_nodejs
[  5%] Built target mav_disturbance_observer_generate_messages_nodejs
[  5%] Built target sensor_msgs_generate_messages_lisp
[  5%] Built target trajectory_msgs_generate_messages_py
[  5%] Built target trajectory_msgs_generate_messages_eus
[  5%] Built target std_msgs_generate_messages_nodejs
[  5%] Built target geometry_msgs_generate_messages_lisp
[  5%] Built target geometry_msgs_generate_messages_py
[  5%] Built target mav_msgs_generate_messages_lisp
[  5%] Built target actionlib_msgs_generate_messages_lisp
[  5%] Built target mav_msgs_generate_messages_py
[  5%] Built target rosgraph_msgs_generate_messages_eus
[  5%] Built target std_msgs_generate_messages_py
[  5%] Built target nav_msgs_generate_messages_py
[  5%] Built target roscpp_generate_messages_cpp
[  5%] Built target geometry_msgs_generate_messages_nodejs
[  5%] Built target geometry_msgs_generate_messages_eus
[  5%] Built target rosgraph_msgs_generate_messages_cpp
[  5%] Built target sensor_msgs_generate_messages_eus
[  5%] Built target actionlib_generate_messages_nodejs
[  5%] Built target actionlib_msgs_generate_messages_cpp
[  5%] Built target dynamic_reconfigure_generate_messages_lisp
[  5%] Built target roscpp_generate_messages_lisp
[  5%] Built target tf_generate_messages_nodejs
[  5%] Built target std_srvs_generate_messages_py
[  5%] Built target tf_generate_messages_py
[  5%] Built target sensor_msgs_generate_messages_cpp
[  5%] Built target std_msgs_generate_messages_cpp
[  5%] Built target sensor_msgs_generate_messages_nodejs
[  5%] Built target roscpp_generate_messages_nodejs
[  5%] Built target mav_disturbance_observer_generate_messages_py
[  5%] Built target sensor_msgs_generate_messages_py
[  5%] Built target rosgraph_msgs_generate_messages_py
[  5%] Built target actionlib_generate_messages_cpp
[  5%] Built target std_msgs_generate_messages_eus
[  5%] Built target actionlib_generate_messages_eus
[  5%] Built target actionlib_generate_messages_lisp
[  5%] Built target actionlib_msgs_generate_messages_eus
[  5%] Built target dynamic_reconfigure_generate_messages_py
[  5%] Built target actionlib_generate_messages_py
[  5%] Built target actionlib_msgs_generate_messages_nodejs
[  5%] Built target tf2_msgs_generate_messages_py
[  5%] Built target actionlib_msgs_generate_messages_py
[  5%] Built target tf2_msgs_generate_messages_cpp
[  5%] Built target tf2_msgs_generate_messages_nodejs
[  5%] Built target nav_msgs_generate_messages_cpp
[  5%] Built target tf2_msgs_generate_messages_lisp
[  5%] Built target visualization_msgs_generate_messages_cpp
[  5%] Built target tf2_msgs_generate_messages_eus
[  5%] Built target nav_msgs_generate_messages_eus
[  5%] Built target nav_msgs_generate_messages_lisp
[  5%] Built target nav_msgs_generate_messages_nodejs
[  5%] Built target std_srvs_generate_messages_cpp
[  5%] Built target visualization_msgs_generate_messages_lisp
[  5%] Built target mav_disturbance_observer_generate_messages_eus
[  5%] Built target visualization_msgs_generate_messages_nodejs
[  5%] Built target mav_disturbance_observer_generate_messages_cpp
[  5%] Built target mav_disturbance_observer_generate_messages_lisp
[  5%] Built target mav_disturbance_observer_gencfg
[ 10%] [32mBuilding CXX object CMakeFiles/mav_nonlinear_mpc_lib.dir/src/nonlinear_mpc.cc.o[0m
[ 15%] [32mBuilding CXX object CMakeFiles/mav_nonlinear_mpc_lib.dir/solver/qpoases/SRC/QProblemB.cpp.o[0m
[ 21%] [32mBuilding CXX object CMakeFiles/mav_nonlinear_mpc_lib.dir/solver/qpoases/SRC/SubjectTo.cpp.o[0m
[ 26%] [32mBuilding CXX object CMakeFiles/mav_nonlinear_mpc_lib.dir/solver/qpoases/SRC/Utils.cpp.o[0m
[ 31%] [32mBuilding CXX object CMakeFiles/mav_nonlinear_mpc_lib.dir/solver/qpoases/SRC/EXTRAS/SolutionAnalysis.cpp.o[0m
[ 36%] [32mBuilding CXX object CMakeFiles/mav_nonlinear_mpc_lib.dir/solver/acado_qpoases_interface.cpp.o[0m
[ 42%] [32mBuilding C object CMakeFiles/mav_nonlinear_mpc_lib.dir/solver/acado_integrator.c.o[0m
[ 47%] [32mBuilding C object CMakeFiles/mav_nonlinear_mpc_lib.dir/solver/acado_solver.c.o[0m
[ 52%] [32mBuilding C object CMakeFiles/mav_nonlinear_mpc_lib.dir/solver/acado_auxiliary_functions.c.o[0m
[ 57%] [32m[1mLinking CXX shared library /home/ardalan/catkin_ws/devel/lib/libmav_nonlinear_mpc_lib.so[0m
[ 89%] Built target mav_nonlinear_mpc_lib
[35m[1mScanning dependencies of target nonlinear_mpc_node[0m
[ 94%] [32mBuilding CXX object CMakeFiles/nonlinear_mpc_node.dir/src/nonlinear_mpc_node.cc.o[0m
[100%] [32m[1mLinking CXX executable /home/ardalan/catkin_ws/devel/lib/mav_nonlinear_mpc/nonlinear_mpc_node[0m
[100%] Built target nonlinear_mpc_node
