Determining if the pthread_create exist failed with the following output:
Change Dir: /home/ardalan/catkin_ws/build/mav_nonlinear_mpc/CMakeFiles/CMakeTmp

Run Build Command:"/usr/bin/make" "cmTC_bdd95/fast"
/usr/bin/make -f CMakeFiles/cmTC_bdd95.dir/build.make CMakeFiles/cmTC_bdd95.dir/build
make[1]: Entering directory '/home/ardalan/catkin_ws/build/mav_nonlinear_mpc/CMakeFiles/CMakeTmp'
Building C object CMakeFiles/cmTC_bdd95.dir/CheckSymbolExists.c.o
/usr/bin/cc     -o CMakeFiles/cmTC_bdd95.dir/CheckSymbolExists.c.o   -c /home/ardalan/catkin_ws/build/mav_nonlinear_mpc/CMakeFiles/CMakeTmp/CheckSymbolExists.c
Linking C executable cmTC_bdd95
/usr/bin/cmake -E cmake_link_script CMakeFiles/cmTC_bdd95.dir/link.txt --verbose=1
/usr/bin/cc       CMakeFiles/cmTC_bdd95.dir/CheckSymbolExists.c.o  -o cmTC_bdd95 -rdynamic 
CMakeFiles/cmTC_bdd95.dir/CheckSymbolExists.c.o: In function `main':
CheckSymbolExists.c:(.text+0x16): undefined reference to `pthread_create'
collect2: error: ld returned 1 exit status
CMakeFiles/cmTC_bdd95.dir/build.make:97: recipe for target 'cmTC_bdd95' failed
make[1]: *** [cmTC_bdd95] Error 1
make[1]: Leaving directory '/home/ardalan/catkin_ws/build/mav_nonlinear_mpc/CMakeFiles/CMakeTmp'
Makefile:126: recipe for target 'cmTC_bdd95/fast' failed
make: *** [cmTC_bdd95/fast] Error 2

File /home/ardalan/catkin_ws/build/mav_nonlinear_mpc/CMakeFiles/CMakeTmp/CheckSymbolExists.c:
/* */
#include <pthread.h>

int main(int argc, char** argv)
{
  (void)argv;
#ifndef pthread_create
  return ((int*)(&pthread_create))[argc];
#else
  (void)argc;
  return 0;
#endif
}

Determining if the function pthread_create exists in the pthreads failed with the following output:
Change Dir: /home/ardalan/catkin_ws/build/mav_nonlinear_mpc/CMakeFiles/CMakeTmp

Run Build Command:"/usr/bin/make" "cmTC_7261d/fast"
/usr/bin/make -f CMakeFiles/cmTC_7261d.dir/build.make CMakeFiles/cmTC_7261d.dir/build
make[1]: Entering directory '/home/ardalan/catkin_ws/build/mav_nonlinear_mpc/CMakeFiles/CMakeTmp'
Building C object CMakeFiles/cmTC_7261d.dir/CheckFunctionExists.c.o
/usr/bin/cc    -DCHECK_FUNCTION_EXISTS=pthread_create   -o CMakeFiles/cmTC_7261d.dir/CheckFunctionExists.c.o   -c /usr/share/cmake-3.5/Modules/CheckFunctionExists.c
Linking C executable cmTC_7261d
/usr/bin/cmake -E cmake_link_script CMakeFiles/cmTC_7261d.dir/link.txt --verbose=1
/usr/bin/cc   -DCHECK_FUNCTION_EXISTS=pthread_create    CMakeFiles/cmTC_7261d.dir/CheckFunctionExists.c.o  -o cmTC_7261d -rdynamic -lpthreads 
/usr/bin/ld: cannot find -lpthreads
collect2: error: ld returned 1 exit status
CMakeFiles/cmTC_7261d.dir/build.make:97: recipe for target 'cmTC_7261d' failed
make[1]: *** [cmTC_7261d] Error 1
make[1]: Leaving directory '/home/ardalan/catkin_ws/build/mav_nonlinear_mpc/CMakeFiles/CMakeTmp'
Makefile:126: recipe for target 'cmTC_7261d/fast' failed
make: *** [cmTC_7261d/fast] Error 2


