[  0%] Built target rosgraph_msgs_generate_messages_nodejs
[  0%] Built target tf_generate_messages_lisp
[  0%] Built target mav_msgs_generate_messages_lisp
[ 10%] Built target mav_disturbance_observer_gencfg
[ 10%] Built target dynamic_reconfigure_generate_messages_lisp
[ 10%] Built target roscpp_generate_messages_lisp
[ 10%] Built target _mav_disturbance_observer_generate_messages_check_deps_ObserverState
[ 10%] Built target dynamic_reconfigure_generate_messages_eus
[ 10%] Built target roscpp_generate_messages_eus
[ 10%] Built target mav_msgs_generate_messages_eus
[ 10%] Built target tf_generate_messages_eus
[ 10%] Built target roscpp_generate_messages_cpp
[ 10%] Built target mav_msgs_generate_messages_cpp
[ 10%] Built target dynamic_reconfigure_generate_messages_cpp
[ 10%] Built target tf_generate_messages_cpp
[ 10%] Built target tf2_msgs_generate_messages_nodejs
[ 10%] Built target tf2_msgs_generate_messages_eus
[ 10%] Built target tf2_msgs_generate_messages_lisp
[ 10%] Built target tf2_msgs_generate_messages_py
[ 10%] Built target actionlib_msgs_generate_messages_py
[ 10%] Built target tf2_msgs_generate_messages_cpp
[ 10%] Built target actionlib_msgs_generate_messages_nodejs
[ 10%] Built target actionlib_generate_messages_py
[ 10%] Built target actionlib_generate_messages_lisp
[ 10%] Built target actionlib_msgs_generate_messages_eus
[ 10%] Built target actionlib_generate_messages_eus
[ 10%] Built target actionlib_generate_messages_cpp
[ 10%] Built target sensor_msgs_generate_messages_nodejs
[ 10%] Built target sensor_msgs_generate_messages_py
[ 10%] Built target sensor_msgs_generate_messages_cpp
[ 10%] Built target dynamic_reconfigure_generate_messages_py
[ 10%] Built target tf_generate_messages_py
[ 10%] Built target roscpp_generate_messages_py
[ 10%] Built target mav_msgs_generate_messages_py
[ 10%] Built target std_msgs_generate_messages_py
[ 10%] Built target actionlib_msgs_generate_messages_lisp
[ 10%] Built target sensor_msgs_generate_messages_lisp
[ 10%] Built target std_msgs_generate_messages_eus
[ 10%] Built target sensor_msgs_generate_messages_eus
[ 10%] Built target actionlib_msgs_generate_messages_cpp
[ 10%] Built target actionlib_generate_messages_nodejs
[ 10%] Built target std_msgs_generate_messages_cpp
[ 10%] Built target geometry_msgs_generate_messages_py
[ 10%] Built target std_msgs_generate_messages_nodejs
[ 10%] Built target tf_generate_messages_nodejs
[ 10%] Built target trajectory_msgs_generate_messages_eus
[ 10%] Built target trajectory_msgs_generate_messages_py
[ 10%] Built target geometry_msgs_generate_messages_nodejs
[ 10%] Built target dynamic_reconfigure_generate_messages_nodejs
[ 10%] Built target mav_msgs_generate_messages_nodejs
[ 10%] Built target roscpp_generate_messages_nodejs
[ 10%] Built target dynamic_reconfigure_gencfg
[ 10%] Built target rosgraph_msgs_generate_messages_py
[ 10%] Built target rosgraph_msgs_generate_messages_lisp
[ 10%] Built target rosgraph_msgs_generate_messages_cpp
[ 10%] Built target geometry_msgs_generate_messages_lisp
[ 10%] Built target geometry_msgs_generate_messages_eus
[ 10%] Built target std_msgs_generate_messages_lisp
[ 10%] Built target geometry_msgs_generate_messages_cpp
[ 10%] Built target trajectory_msgs_generate_messages_cpp
[ 10%] Built target trajectory_msgs_generate_messages_nodejs
[ 10%] Built target trajectory_msgs_generate_messages_lisp
[ 20%] Built target mav_disturbance_observer_generate_messages_lisp
[ 20%] Built target rosgraph_msgs_generate_messages_eus
[ 30%] Built target mav_disturbance_observer_generate_messages_cpp
[ 50%] Built target mav_disturbance_observer_generate_messages_py
[ 70%] Built target mav_disturbance_observer_generate_messages_eus
[ 80%] Built target mav_disturbance_observer_generate_messages_nodejs
[ 80%] Built target mav_disturbance_observer_generate_messages
[100%] Built target KFDisturbanceObserverLibrary
